<?xml version="1.0" encoding="UTF-8"?>
<!-- Generated by org.testng.reporters.JUnitXMLReporter -->
<testsuite ignored="0" hostname="DESKTOP-FBE7IIT" failures="0" tests="3" name="Default test" time="0.333" errors="0" timestamp="2023-11-24T19:54:12 IST">
  <testcase classname="practise.DataProviderDemo" name="getData" time="0.022"/>
  <testcase classname="practise.DataProviderDemo" name="getData" time="0.006"/>
  <testcase classname="practise.DataProviderDemo" name="getData" time="0.004"/>
</testsuite> <!-- Default test -->
