<?xml version="1.0" encoding="UTF-8"?>
<testng-results ignored="0" total="3" passed="3" failed="0" skipped="0">
  <reporter-output>
  </reporter-output>
  <suite started-at="2023-11-24T19:54:12 IST" name="Default suite" finished-at="2023-11-24T19:54:12 IST" duration-ms="333">
    <groups>
    </groups>
    <test started-at="2023-11-24T19:54:12 IST" name="Default test" finished-at="2023-11-24T19:54:12 IST" duration-ms="333">
      <class name="practise.DataProviderDemo">
        <test-method signature="getData(java.lang.String,java.lang.String)[pri:0, instance:practise.DataProviderDemo@5c5eefef]" started-at="2023-11-24T19:54:12 IST" name="getData" data-provider="loginTestData" finished-at="2023-11-24T19:54:12 IST" duration-ms="22" status="PASS">
          <params>
            <param index="0">
              <value>
                <![CDATA[abc]]>
              </value>
            </param>
            <param index="1">
              <value>
                <![CDATA[abc@123]]>
              </value>
            </param>
          </params>
          <reporter-output>
          </reporter-output>
        </test-method> <!-- getData -->
        <test-method signature="getData(java.lang.String,java.lang.String)[pri:0, instance:practise.DataProviderDemo@5c5eefef]" started-at="2023-11-24T19:54:12 IST" name="getData" data-provider="loginTestData" finished-at="2023-11-24T19:54:12 IST" duration-ms="6" status="PASS">
          <params>
            <param index="0">
              <value>
                <![CDATA[xyz]]>
              </value>
            </param>
            <param index="1">
              <value>
                <![CDATA[xyz@123]]>
              </value>
            </param>
          </params>
          <reporter-output>
          </reporter-output>
        </test-method> <!-- getData -->
        <test-method signature="getData(java.lang.String,java.lang.String)[pri:0, instance:practise.DataProviderDemo@5c5eefef]" started-at="2023-11-24T19:54:12 IST" name="getData" data-provider="loginTestData" finished-at="2023-11-24T19:54:12 IST" duration-ms="4" status="PASS">
          <params>
            <param index="0">
              <value>
                <![CDATA[pqr]]>
              </value>
            </param>
            <param index="1">
              <value>
                <![CDATA[pqr@123]]>
              </value>
            </param>
          </params>
          <reporter-output>
          </reporter-output>
        </test-method> <!-- getData -->
      </class> <!-- practise.DataProviderDemo -->
    </test> <!-- Default test -->
  </suite> <!-- Default suite -->
</testng-results>
